<?xml version="1.0" encoding="UTF-8"?>
<!-- Generated by org.testng.reporters.JUnitReportReporter -->
<testsuite skipped="0" hostname="SajinaSanoop" name="MyProject.RESTAPITest" tests="2" failures="0" timestamp="2019-02-05T11:32:29 AEDT" time="0.000" errors="0">
  <testcase name="postJira" time="0.000" classname="MyProject.RESTAPITest"/>
  <testcase name="deleteTwitter" time="0.000" classname="MyProject.RESTAPITest"/>
</testsuite> <!-- MyProject.RESTAPITest -->
